# JRE version: OpenJDK Runtime Environment Temurin-21.0.8+9 (21.0.8+9) (build 21.0.8+9-LTS)
# Java VM: OpenJDK 64-Bit Server VM Temurin-21.0.8+9 (21.0.8+9-LTS, mixed mode, sharing, tiered, compressed oops, compressed class ptrs, parallel gc, windows-amd64)
GC Precious Log:
 CardTable entry size: 512
 CPUs: 6 total, 6 available
 Memory: 8038M
 Large Page Support: Disabled
 NUMA Support: Disabled
 Compressed Oops: Enabled (32-bit)
 Alignments: Space 512K, Generation 512K, Heap 2M
 Heap Min Capacity: 100M
 Heap Initial Capacity: 100M
 Heap Max Capacity: 2G
 Pre-touch: Disabled
 Parallel Workers: 6
Heap:
 PSYoungGen      total 10240K, used 10141K [0x00000000d5580000, 0x00000000d7100000, 0x0000000100000000)
  eden space 7680K, 98% used [0x00000000d5580000,0x00000000d5ce7618,0x00000000d5d00000)
  from space 2560K, 100% used [0x00000000d5e00000,0x00000000d6080000,0x00000000d6080000)
  to   space 10240K, 64% used [0x00000000d6700000,0x00000000d6d74000,0x00000000d7100000)
 ParOldGen       total 589312K, used 589212K [0x0000000080000000, 0x00000000a3f80000, 0x00000000d5580000)
  object space 589312K, 99% used [0x0000000080000000,0x00000000a3f673c8,0x00000000a3f80000)
 Metaspace       used 100250K, committed 102144K, reserved 1179648K
  class space    used 10020K, committed 10944K, reserved 1048576K
GC Heap History (20 events):
Event: 1606.698 GC heap after
{Heap after GC invocations=4931 (full 14):
 PSYoungGen      total 9728K, used 4672K [0x00000000d5580000, 0x00000000d6480000, 0x0000000100000000)
  eden space 4608K, 0% used [0x00000000d5580000,0x00000000d5580000,0x00000000d5a00000)
  from space 5120K, 91% used [0x00000000d5f80000,0x00000000d6410000,0x00000000d6480000)
  to   space 5120K, 0% used [0x00000000d5a80000,0x00000000d5a80000,0x00000000d5f80000)
 ParOldGen       total 526336K, used 526119K [0x0000000080000000, 0x00000000a0200000, 0x00000000d5580000)
  object space 526336K, 99% used [0x0000000080000000,0x00000000a01c9e88,0x00000000a0200000)
 Metaspace       used 100241K, committed 102144K, reserved 1179648K
  class space    used 10020K, committed 10944K, reserved 1048576K
}
Event: 1606.708 GC heap before
{Heap before GC invocations=4932 (full 14):
 PSYoungGen      total 9728K, used 9038K [0x00000000d5580000, 0x00000000d6480000, 0x0000000100000000)
  eden space 4608K, 94% used [0x00000000d5580000,0x00000000d59c3a00,0x00000000d5a00000)
  from space 5120K, 91% used [0x00000000d5f80000,0x00000000d6410000,0x00000000d6480000)
  to   space 5120K, 0% used [0x00000000d5a80000,0x00000000d5a80000,0x00000000d5f80000)
 ParOldGen       total 526336K, used 526119K [0x0000000080000000, 0x00000000a0200000, 0x00000000d5580000)
  object space 526336K, 99% used [0x0000000080000000,0x00000000a01c9e88,0x00000000a0200000)
 Metaspace       used 100241K, committed 102144K, reserved 1179648K
  class space    used 10020K, committed 10944K, reserved 1048576K
}
Event: 1606.714 GC heap after
{Heap after GC invocations=4932 (full 14):
 PSYoungGen      total 10240K, used 4124K [0x00000000d5580000, 0x00000000d6400000, 0x0000000100000000)
  eden space 5120K, 0% used [0x00000000d5580000,0x00000000d5580000,0x00000000d5a80000)
  from space 5120K, 80% used [0x00000000d5a80000,0x00000000d5e87000,0x00000000d5f80000)
  to   space 4608K, 0% used [0x00000000d5f80000,0x00000000d5f80000,0x00000000d6400000)
 ParOldGen       total 530944K, used 530743K [0x0000000080000000, 0x00000000a0680000, 0x00000000d5580000)
  object space 530944K, 99% used [0x0000000080000000,0x00000000a064de88,0x00000000a0680000)
 Metaspace       used 100241K, committed 102144K, reserved 1179648K
  class space    used 10020K, committed 10944K, reserved 1048576K
}
Event: 1606.761 GC heap before
{Heap before GC invocations=4933 (full 14):
 PSYoungGen      total 10240K, used 9243K [0x00000000d5580000, 0x00000000d6400000, 0x0000000100000000)
  eden space 5120K, 99% used [0x00000000d5580000,0x00000000d5a7fff0,0x00000000d5a80000)
  from space 5120K, 80% used [0x00000000d5a80000,0x00000000d5e87000,0x00000000d5f80000)
  to   space 4608K, 0% used [0x00000000d5f80000,0x00000000d5f80000,0x00000000d6400000)
 ParOldGen       total 530944K, used 530743K [0x0000000080000000, 0x00000000a0680000, 0x00000000d5580000)
  object space 530944K, 99% used [0x0000000080000000,0x00000000a064de88,0x00000000a0680000)
 Metaspace       used 100241K, committed 102144K, reserved 1179648K
  class space    used 10020K, committed 10944K, reserved 1048576K
}
Event: 1606.766 GC heap after
{Heap after GC invocations=4933 (full 14):
 PSYoungGen      total 9216K, used 3648K [0x00000000d5580000, 0x00000000d6380000, 0x0000000100000000)
  eden space 5120K, 0% used [0x00000000d5580000,0x00000000d5580000,0x00000000d5a80000)
  from space 4096K, 89% used [0x00000000d5f80000,0x00000000d6310000,0x00000000d6380000)
  to   space 4096K, 0% used [0x00000000d5b80000,0x00000000d5b80000,0x00000000d5f80000)
 ParOldGen       total 535040K, used 534575K [0x0000000080000000, 0x00000000a0a80000, 0x00000000d5580000)
  object space 535040K, 99% used [0x0000000080000000,0x00000000a0a0be88,0x00000000a0a80000)
 Metaspace       used 100241K, committed 102144K, reserved 1179648K
  class space    used 10020K, committed 10944K, reserved 1048576K
}
Event: 1606.773 GC heap before
{Heap before GC invocations=4934 (full 14):
 PSYoungGen      total 9216K, used 8768K [0x00000000d5580000, 0x00000000d6380000, 0x0000000100000000)
  eden space 5120K, 100% used [0x00000000d5580000,0x00000000d5a80000,0x00000000d5a80000)
  from space 4096K, 89% used [0x00000000d5f80000,0x00000000d6310000,0x00000000d6380000)
  to   space 4096K, 0% used [0x00000000d5b80000,0x00000000d5b80000,0x00000000d5f80000)
 ParOldGen       total 535040K, used 534575K [0x0000000080000000, 0x00000000a0a80000, 0x00000000d5580000)
  object space 535040K, 99% used [0x0000000080000000,0x00000000a0a0be88,0x00000000a0a80000)
 Metaspace       used 100241K, committed 102144K, reserved 1179648K
  class space    used 10020K, committed 10944K, reserved 1048576K
}
Event: 1606.778 GC heap after
{Heap after GC invocations=4934 (full 14):
 PSYoungGen      total 10240K, used 4065K [0x00000000d5580000, 0x00000000d6c80000, 0x0000000100000000)
  eden space 6144K, 0% used [0x00000000d5580000,0x00000000d5580000,0x00000000d5b80000)
  from space 4096K, 99% used [0x00000000d5b80000,0x00000000d5f78480,0x00000000d5f80000)
  to   space 8704K, 0% used [0x00000000d6400000,0x00000000d6400000,0x00000000d6c80000)
 ParOldGen       total 538624K, used 538343K [0x0000000080000000, 0x00000000a0e00000, 0x00000000d5580000)
  object space 538624K, 99% used [0x0000000080000000,0x00000000a0db9e88,0x00000000a0e00000)
 Metaspace       used 100241K, committed 102144K, reserved 1179648K
  class space    used 10020K, committed 10944K, reserved 1048576K
}
Event: 1606.784 GC heap before
{Heap before GC invocations=4935 (full 14):
 PSYoungGen      total 10240K, used 10082K [0x00000000d5580000, 0x00000000d6c80000, 0x0000000100000000)
  eden space 6144K, 97% used [0x00000000d5580000,0x00000000d5b60528,0x00000000d5b80000)
  from space 4096K, 99% used [0x00000000d5b80000,0x00000000d5f78480,0x00000000d5f80000)
  to   space 8704K, 0% used [0x00000000d6400000,0x00000000d6400000,0x00000000d6c80000)
 ParOldGen       total 538624K, used 538343K [0x0000000080000000, 0x00000000a0e00000, 0x00000000d5580000)
  object space 538624K, 99% used [0x0000000080000000,0x00000000a0db9e88,0x00000000a0e00000)
 Metaspace       used 100241K, committed 102144K, reserved 1179648K
  class space    used 10020K, committed 10944K, reserved 1048576K
}
Event: 1606.789 GC heap after
{Heap after GC invocations=4935 (full 14):
 PSYoungGen      total 13824K, used 5778K [0x00000000d5580000, 0x00000000d6a00000, 0x0000000100000000)
  eden space 7680K, 0% used [0x00000000d5580000,0x00000000d5580000,0x00000000d5d00000)
  from space 6144K, 94% used [0x00000000d6400000,0x00000000d69a4bf8,0x00000000d6a00000)
  to   space 6656K, 0% used [0x00000000d5d00000,0x00000000d5d00000,0x00000000d6380000)
 ParOldGen       total 542720K, used 542424K [0x0000000080000000, 0x00000000a1200000, 0x00000000d5580000)
  object space 542720K, 99% used [0x0000000080000000,0x00000000a11b6308,0x00000000a1200000)
 Metaspace       used 100241K, committed 102144K, reserved 1179648K
  class space    used 10020K, committed 10944K, reserved 1048576K
}
Event: 1606.826 GC heap before
{Heap before GC invocations=4936 (full 14):
 PSYoungGen      total 13824K, used 13458K [0x00000000d5580000, 0x00000000d6a00000, 0x0000000100000000)
  eden space 7680K, 100% used [0x00000000d5580000,0x00000000d5d00000,0x00000000d5d00000)
  from space 6144K, 94% used [0x00000000d6400000,0x00000000d69a4bf8,0x00000000d6a00000)
  to   space 6656K, 0% used [0x00000000d5d00000,0x00000000d5d00000,0x00000000d6380000)
 ParOldGen       total 574464K, used 573144K [0x0000000080000000, 0x00000000a3100000, 0x00000000d5580000)
  object space 574464K, 99% used [0x0000000080000000,0x00000000a2fb6338,0x00000000a3100000)
 Metaspace       used 100241K, committed 102144K, reserved 1179648K
  class space    used 10020K, committed 10944K, reserved 1048576K
}
Event: 1606.831 GC heap after
{Heap after GC invocations=4936 (full 14):
 PSYoungGen      total 10240K, used 2368K [0x00000000d5580000, 0x00000000d6680000, 0x0000000100000000)
  eden space 7680K, 0% used [0x00000000d5580000,0x00000000d5580000,0x00000000d5d00000)
  from space 2560K, 92% used [0x00000000d5d00000,0x00000000d5f50000,0x00000000d5f80000)
  to   space 4096K, 0% used [0x00000000d6280000,0x00000000d6280000,0x00000000d6680000)
 ParOldGen       total 577024K, used 576760K [0x0000000080000000, 0x00000000a3380000, 0x00000000d5580000)
  object space 577024K, 99% used [0x0000000080000000,0x00000000a333e338,0x00000000a3380000)
 Metaspace       used 100241K, committed 102144K, reserved 1179648K
  class space    used 10020K, committed 10944K, reserved 1048576K
}
Event: 1607.338 GC heap before
{Heap before GC invocations=4937 (full 14):
 PSYoungGen      total 10240K, used 10048K [0x00000000d5580000, 0x00000000d6680000, 0x0000000100000000)
  eden space 7680K, 100% used [0x00000000d5580000,0x00000000d5d00000,0x00000000d5d00000)
  from space 2560K, 92% used [0x00000000d5d00000,0x00000000d5f50000,0x00000000d5f80000)
  to   space 4096K, 0% used [0x00000000d6280000,0x00000000d6280000,0x00000000d6680000)
 ParOldGen       total 577024K, used 576760K [0x0000000080000000, 0x00000000a3380000, 0x00000000d5580000)
  object space 577024K, 99% used [0x0000000080000000,0x00000000a333e338,0x00000000a3380000)
 Metaspace       used 100243K, committed 102144K, reserved 1179648K
  class space    used 10020K, committed 10944K, reserved 1048576K
}
Event: 1607.342 GC heap after
{Heap after GC invocations=4937 (full 14):
 PSYoungGen      total 9216K, used 1193K [0x00000000d5580000, 0x00000000d6400000, 0x0000000100000000)
  eden space 7680K, 0% used [0x00000000d5580000,0x00000000d5580000,0x00000000d5d00000)
  from space 1536K, 77% used [0x00000000d6280000,0x00000000d63aa420,0x00000000d6400000)
  to   space 2048K, 0% used [0x00000000d6000000,0x00000000d6000000,0x00000000d6200000)
 ParOldGen       total 579072K, used 579048K [0x0000000080000000, 0x00000000a3580000, 0x00000000d5580000)
  object space 579072K, 99% used [0x0000000080000000,0x00000000a357a338,0x00000000a3580000)
 Metaspace       used 100243K, committed 102144K, reserved 1179648K
  class space    used 10020K, committed 10944K, reserved 1048576K
}
Event: 1607.824 GC heap before
{Heap before GC invocations=4938 (full 14):
 PSYoungGen      total 9216K, used 8873K [0x00000000d5580000, 0x00000000d6400000, 0x0000000100000000)
  eden space 7680K, 100% used [0x00000000d5580000,0x00000000d5d00000,0x00000000d5d00000)
  from space 1536K, 77% used [0x00000000d6280000,0x00000000d63aa420,0x00000000d6400000)
  to   space 2048K, 0% used [0x00000000d6000000,0x00000000d6000000,0x00000000d6200000)
 ParOldGen       total 579072K, used 579048K [0x0000000080000000, 0x00000000a3580000, 0x00000000d5580000)
  object space 579072K, 99% used [0x0000000080000000,0x00000000a357a338,0x00000000a3580000)
 Metaspace       used 100249K, committed 102144K, reserved 1179648K
  class space    used 10020K, committed 10944K, reserved 1048576K
}
Event: 1607.825 GC heap after
{Heap after GC invocations=4938 (full 14):
 PSYoungGen      total 9728K, used 224K [0x00000000d5580000, 0x00000000d6300000, 0x0000000100000000)
  eden space 7680K, 0% used [0x00000000d5580000,0x00000000d5580000,0x00000000d5d00000)
  from space 2048K, 10% used [0x00000000d6000000,0x00000000d6038000,0x00000000d6200000)
  to   space 1024K, 0% used [0x00000000d6200000,0x00000000d6200000,0x00000000d6300000)
 ParOldGen       total 580096K, used 579717K [0x0000000080000000, 0x00000000a3680000, 0x00000000d5580000)
  object space 580096K, 99% used [0x0000000080000000,0x00000000a3621548,0x00000000a3680000)
 Metaspace       used 100249K, committed 102144K, reserved 1179648K
  class space    used 10020K, committed 10944K, reserved 1048576K
}
Event: 1608.105 GC heap before
{Heap before GC invocations=4939 (full 14):
 PSYoungGen      total 9728K, used 7904K [0x00000000d5580000, 0x00000000d6300000, 0x0000000100000000)
  eden space 7680K, 100% used [0x00000000d5580000,0x00000000d5d00000,0x00000000d5d00000)
  from space 2048K, 10% used [0x00000000d6000000,0x00000000d6038000,0x00000000d6200000)
  to   space 1024K, 0% used [0x00000000d6200000,0x00000000d6200000,0x00000000d6300000)
 ParOldGen       total 580096K, used 579717K [0x0000000080000000, 0x00000000a3680000, 0x00000000d5580000)
  object space 580096K, 99% used [0x0000000080000000,0x00000000a3621548,0x00000000a3680000)
 Metaspace       used 100250K, committed 102144K, reserved 1179648K
  class space    used 10020K, committed 10944K, reserved 1048576K
}
Event: 1608.107 GC heap after
{Heap after GC invocations=4939 (full 14):
 PSYoungGen      total 8704K, used 1023K [0x00000000d5580000, 0x00000000d6300000, 0x0000000100000000)
  eden space 7680K, 0% used [0x00000000d5580000,0x00000000d5580000,0x00000000d5d00000)
  from space 1024K, 99% used [0x00000000d6200000,0x00000000d62fff38,0x00000000d6300000)
  to   space 2560K, 0% used [0x00000000d5e00000,0x00000000d5e00000,0x00000000d6080000)
 ParOldGen       total 581120K, used 580477K [0x0000000080000000, 0x00000000a3780000, 0x00000000d5580000)
  object space 581120K, 99% used [0x0000000080000000,0x00000000a36df480,0x00000000a3780000)
 Metaspace       used 100250K, committed 102144K, reserved 1179648K
  class space    used 10020K, committed 10944K, reserved 1048576K
}
Event: 1608.118 GC heap before
{Heap before GC invocations=4940 (full 14):
 PSYoungGen      total 8704K, used 8703K [0x00000000d5580000, 0x00000000d6300000, 0x0000000100000000)
  eden space 7680K, 100% used [0x00000000d5580000,0x00000000d5d00000,0x00000000d5d00000)
  from space 1024K, 99% used [0x00000000d6200000,0x00000000d62fff38,0x00000000d6300000)
  to   space 2560K, 0% used [0x00000000d5e00000,0x00000000d5e00000,0x00000000d6080000)
 ParOldGen       total 581120K, used 580477K [0x0000000080000000, 0x00000000a3780000, 0x00000000d5580000)
  object space 581120K, 99% used [0x0000000080000000,0x00000000a36df480,0x00000000a3780000)
 Metaspace       used 100250K, committed 102144K, reserved 1179648K
  class space    used 10020K, committed 10944K, reserved 1048576K
}
Event: 1608.125 GC heap after
{Heap after GC invocations=4940 (full 14):
 PSYoungGen      total 10240K, used 2560K [0x00000000d5580000, 0x00000000d7100000, 0x0000000100000000)
  eden space 7680K, 0% used [0x00000000d5580000,0x00000000d5580000,0x00000000d5d00000)
  from space 2560K, 100% used [0x00000000d5e00000,0x00000000d6080000,0x00000000d6080000)
  to   space 10240K, 0% used [0x00000000d6700000,0x00000000d6700000,0x00000000d7100000)
 ParOldGen       total 586752K, used 586612K [0x0000000080000000, 0x00000000a3d00000, 0x00000000d5580000)
  object space 586752K, 99% used [0x0000000080000000,0x00000000a3cdd3c8,0x00000000a3d00000)
 Metaspace       used 100250K, committed 102144K, reserved 1179648K
  class space    used 10020K, committed 10944K, reserved 1048576K
}
Event: 1608.152 GC heap before
{Heap before GC invocations=4941 (full 14):
 PSYoungGen      total 10240K, used 10141K [0x00000000d5580000, 0x00000000d7100000, 0x0000000100000000)
  eden space 7680K, 98% used [0x00000000d5580000,0x00000000d5ce7618,0x00000000d5d00000)
  from space 2560K, 100% used [0x00000000d5e00000,0x00000000d6080000,0x00000000d6080000)
  to   space 10240K, 0% used [0x00000000d6700000,0x00000000d6700000,0x00000000d7100000)
 ParOldGen       total 586752K, used 586612K [0x0000000080000000, 0x00000000a3d00000, 0x00000000d5580000)
  object space 586752K, 99% used [0x0000000080000000,0x00000000a3cdd3c8,0x00000000a3d00000)
 Metaspace       used 100250K, committed 102144K, reserved 1179648K
  class space    used 10020K, committed 10944K, reserved 1048576K
}

